<?xml version="1.0" encoding="UTF-8" standalone="no"?>
<!DOCTYPE log SYSTEM "logger.dtd">
<log>
<record>
  <date>2021-12-13T23:19:43.003-0300</date>
  <logger>HENRIQUE DIAS OLIVEIRA DA NOBREGA</logger>
  <level>FINE</level>
  <message>File 120210069-HENRIQUE DIAS OLIVEIRA DA NOBREGA.zip was received. It was sent by HENRIQUE DIAS OLIVEIRA DA NOBREGA from IP 192.168.1.2 at 13-12-2021 23*19*42</message>
</record>
</log>
<?xml version="1.0" encoding="UTF-8" standalone="no"?>
<!DOCTYPE log SYSTEM "logger.dtd">
<log>
<record>
  <date>2021-12-17T20:08:03.084-0300</date>
  <logger>HENRIQUE DIAS OLIVEIRA DA NOBREGA</logger>
  <level>FINE</level>
  <message>File 120210069-HENRIQUE DIAS OLIVEIRA DA NOBREGA.zip was received. It was sent by HENRIQUE DIAS OLIVEIRA DA NOBREGA from IP 192.168.1.10 at 17-12-2021 20*08*03</message>
</record>
</log>
<?xml version="1.0" encoding="UTF-8" standalone="no"?>
<!DOCTYPE log SYSTEM "logger.dtd">
<log>
<record>
  <date>2021-12-18T22:20:44.349-0300</date>
  <logger>HENRIQUE DIAS OLIVEIRA DA NOBREGA</logger>
  <level>FINE</level>
  <message>File 120210069-HENRIQUE DIAS OLIVEIRA DA NOBREGA.zip was received. It was sent by HENRIQUE DIAS OLIVEIRA DA NOBREGA from IP 192.168.1.10 at 18-12-2021 22*20*44</message>
</record>
</log>
<?xml version="1.0" encoding="UTF-8" standalone="no"?>
<!DOCTYPE log SYSTEM "logger.dtd">
<log>
<record>
  <date>2021-12-18T22:21:47.953-0300</date>
  <logger>HENRIQUE DIAS OLIVEIRA DA NOBREGA</logger>
  <level>FINE</level>
  <message>File 120210069-HENRIQUE DIAS OLIVEIRA DA NOBREGA.zip was received. It was sent by HENRIQUE DIAS OLIVEIRA DA NOBREGA from IP 192.168.1.10 at 18-12-2021 22*21*47</message>
</record>
</log>
<?xml version="1.0" encoding="UTF-8" standalone="no"?>
<!DOCTYPE log SYSTEM "logger.dtd">
<log>
<record>
  <date>2021-12-19T22:38:47.981-0300</date>
  <logger>HENRIQUE DIAS OLIVEIRA DA NOBREGA</logger>
  <level>FINE</level>
  <message>File 120210069-HENRIQUE DIAS OLIVEIRA DA NOBREGA.zip was received. It was sent by HENRIQUE DIAS OLIVEIRA DA NOBREGA from IP 192.168.1.10 at 19-12-2021 22*38*47</message>
</record>
